<?xml version="1.0" encoding="UTF-8"?>
<!-- Generated by org.testng.reporters.JUnitXMLReporter -->
<testsuite ignored="1" hostname="SreeLaptop" failures="1" tests="3" name="Smoke" time="38.024" errors="0" timestamp="2024-08-26T15:34:01 GMT-04:00">
  <testcase classname="rahulsheetyacademy.Test.SubmitOrderTest" name="submitorder" time="10.907"/>
  <testcase classname="rahulsheetyacademy.Test.ErrorValidationTest" name="loginErrorValidation" time="0.829"/>
  <testcase classname="rahulsheetyacademy.Test.ErrorValidationTest" name="productIncorrecterror" time="5.398">
    <failure type="java.lang.NullPointerException" message="Cannot invoke &amp;quot;org.openqa.selenium.WebElement.getText()&amp;quot; because &amp;quot;prod&amp;quot; is null">
      <![CDATA[java.lang.NullPointerException: Cannot invoke "org.openqa.selenium.WebElement.getText()" because "prod" is null
at rahulsheetyacademy.Test.ErrorValidationTest.productIncorrecterror(ErrorValidationTest.java:30)
at java.base/java.util.ArrayList.forEach(ArrayList.java:1511)
at com.intellij.rt.testng.IDEARemoteTestNG.run(IDEARemoteTestNG.java:65)
at com.intellij.rt.testng.RemoteTestNGStarter.main(RemoteTestNGStarter.java:105)
... Removed 22 stack frames]]>
    </failure>
  </testcase> <!-- productIncorrecterror -->
  <testcase classname="rahulsheetyacademy.Test.SubmitOrderTest" name="orderHistoryCheck" time="0.0">
    <ignored/>
  </testcase> <!-- orderHistoryCheck -->
</testsuite> <!-- Smoke -->
