<?xml version="1.0" encoding="UTF-8"?>
<testng-results ignored="0" total="3" passed="2" failed="1" skipped="0">
  <reporter-output>
  </reporter-output>
  <suite started-at="2024-08-26T15:33:23 GMT-04:00" name="Suite" finished-at="2024-08-26T15:34:01 GMT-04:00" duration-ms="38024">
    <groups>
    </groups>
    <test started-at="2024-08-26T15:33:23 GMT-04:00" name="Smoke" finished-at="2024-08-26T15:34:01 GMT-04:00" duration-ms="38024">
      <class name="rahulsheetyacademy.Test.ErrorValidationTest">
        <test-method is-config="true" signature="launchApplication()[pri:0, instance:rahulsheetyacademy.Test.ErrorValidationTest@65d6b83b]" started-at="2024-08-26T15:33:43 GMT-04:00" name="launchApplication" finished-at="2024-08-26T15:33:49 GMT-04:00" duration-ms="6811" status="PASS">
          <reporter-output>
          </reporter-output>
        </test-method> <!-- launchApplication -->
        <test-method signature="loginErrorValidation()[pri:0, instance:rahulsheetyacademy.Test.ErrorValidationTest@65d6b83b]" started-at="2024-08-26T15:33:49 GMT-04:00" name="loginErrorValidation" finished-at="2024-08-26T15:33:50 GMT-04:00" duration-ms="829" status="PASS">
          <reporter-output>
          </reporter-output>
        </test-method> <!-- loginErrorValidation -->
        <test-method is-config="true" signature="closeBrowser()[pri:0, instance:rahulsheetyacademy.Test.ErrorValidationTest@65d6b83b]" started-at="2024-08-26T15:33:50 GMT-04:00" name="closeBrowser" finished-at="2024-08-26T15:33:51 GMT-04:00" duration-ms="195" status="PASS">
          <reporter-output>
          </reporter-output>
        </test-method> <!-- closeBrowser -->
        <test-method is-config="true" signature="launchApplication()[pri:0, instance:rahulsheetyacademy.Test.ErrorValidationTest@65d6b83b]" started-at="2024-08-26T15:33:51 GMT-04:00" name="launchApplication" finished-at="2024-08-26T15:33:56 GMT-04:00" duration-ms="5252" status="PASS">
          <reporter-output>
          </reporter-output>
        </test-method> <!-- launchApplication -->
        <test-method signature="productIncorrecterror()[pri:0, instance:rahulsheetyacademy.Test.ErrorValidationTest@65d6b83b]" started-at="2024-08-26T15:33:56 GMT-04:00" name="productIncorrecterror" finished-at="2024-08-26T15:34:01 GMT-04:00" duration-ms="5398" status="FAIL">
          <exception class="java.lang.NullPointerException">
            <message>
              <![CDATA[Cannot invoke "org.openqa.selenium.WebElement.getText()" because "prod" is null]]>
            </message>
            <full-stacktrace>
              <![CDATA[java.lang.NullPointerException: Cannot invoke "org.openqa.selenium.WebElement.getText()" because "prod" is null
at rahulsheetyacademy.Test.ErrorValidationTest.productIncorrecterror(ErrorValidationTest.java:30)
at java.base/jdk.internal.reflect.DirectMethodHandleAccessor.invoke(DirectMethodHandleAccessor.java:104)
at java.base/java.lang.reflect.Method.invoke(Method.java:578)
at org.testng.internal.invokers.MethodInvocationHelper.invokeMethod(MethodInvocationHelper.java:141)
at org.testng.internal.invokers.TestInvoker.invokeMethod(TestInvoker.java:686)
at org.testng.internal.invokers.TestInvoker.invokeTestMethod(TestInvoker.java:230)
at org.testng.internal.invokers.MethodRunner.runInSequence(MethodRunner.java:63)
at org.testng.internal.invokers.TestInvoker$MethodInvocationAgent.invoke(TestInvoker.java:992)
at org.testng.internal.invokers.TestInvoker.invokeTestMethods(TestInvoker.java:203)
at org.testng.internal.invokers.TestMethodWorker.invokeTestMethods(TestMethodWorker.java:154)
at org.testng.internal.invokers.TestMethodWorker.run(TestMethodWorker.java:134)
at java.base/java.util.ArrayList.forEach(ArrayList.java:1511)
at org.testng.TestRunner.privateRun(TestRunner.java:739)
at org.testng.TestRunner.run(TestRunner.java:614)
at org.testng.SuiteRunner.runTest(SuiteRunner.java:421)
at org.testng.SuiteRunner.runSequentially(SuiteRunner.java:413)
at org.testng.SuiteRunner.privateRun(SuiteRunner.java:373)
at org.testng.SuiteRunner.run(SuiteRunner.java:312)
at org.testng.SuiteRunnerWorker.runSuite(SuiteRunnerWorker.java:52)
at org.testng.SuiteRunnerWorker.run(SuiteRunnerWorker.java:95)
at org.testng.TestNG.runSuitesSequentially(TestNG.java:1274)
at org.testng.TestNG.runSuitesLocally(TestNG.java:1208)
at org.testng.TestNG.runSuites(TestNG.java:1112)
at org.testng.TestNG.run(TestNG.java:1079)
at com.intellij.rt.testng.IDEARemoteTestNG.run(IDEARemoteTestNG.java:65)
at com.intellij.rt.testng.RemoteTestNGStarter.main(RemoteTestNGStarter.java:105)
]]>
            </full-stacktrace>
          </exception> <!-- java.lang.NullPointerException -->
          <reporter-output>
          </reporter-output>
        </test-method> <!-- productIncorrecterror -->
        <test-method is-config="true" signature="closeBrowser()[pri:0, instance:rahulsheetyacademy.Test.ErrorValidationTest@65d6b83b]" started-at="2024-08-26T15:34:01 GMT-04:00" name="closeBrowser" finished-at="2024-08-26T15:34:01 GMT-04:00" duration-ms="212" status="PASS">
          <reporter-output>
          </reporter-output>
        </test-method> <!-- closeBrowser -->
      </class> <!-- rahulsheetyacademy.Test.ErrorValidationTest -->
      <class name="rahulsheetyacademy.Test.SubmitOrderTest">
        <test-method is-config="true" signature="launchApplication()[pri:0, instance:rahulsheetyacademy.Test.SubmitOrderTest@2aa3cd93]" started-at="2024-08-26T15:33:23 GMT-04:00" name="launchApplication" finished-at="2024-08-26T15:33:31 GMT-04:00" duration-ms="7985" status="PASS">
          <reporter-output>
          </reporter-output>
        </test-method> <!-- launchApplication -->
        <test-method signature="submitorder()[pri:0, instance:rahulsheetyacademy.Test.SubmitOrderTest@2aa3cd93]" started-at="2024-08-26T15:33:31 GMT-04:00" name="submitorder" finished-at="2024-08-26T15:33:42 GMT-04:00" duration-ms="10907" status="PASS">
          <reporter-output>
          </reporter-output>
        </test-method> <!-- submitorder -->
        <test-method is-config="true" signature="closeBrowser()[pri:0, instance:rahulsheetyacademy.Test.SubmitOrderTest@2aa3cd93]" started-at="2024-08-26T15:33:42 GMT-04:00" name="closeBrowser" finished-at="2024-08-26T15:33:43 GMT-04:00" duration-ms="353" status="PASS">
          <reporter-output>
          </reporter-output>
        </test-method> <!-- closeBrowser -->
      </class> <!-- rahulsheetyacademy.Test.SubmitOrderTest -->
    </test> <!-- Smoke -->
  </suite> <!-- Suite -->
</testng-results>
